# JRE version: OpenJDK Runtime Environment Temurin-17.0.7+7 (17.0.7+7) (build 17.0.7+7)
# Java VM: OpenJDK 64-Bit Server VM Temurin-17.0.7+7 (17.0.7+7, mixed mode, emulated-client, sharing, tiered, compressed oops, compressed class ptrs, g1 gc, windows-amd64)
GC Precious Log:
 CPUs: 12 total, 12 available
 Memory: 15754M
 Large Page Support: Disabled
 NUMA Support: Disabled
 Compressed Oops: Enabled (Zero based)
 Heap Region Size: 2M
 Heap Min Capacity: 8M
 Heap Initial Capacity: 248M
 Heap Max Capacity: 3940M
 Pre-touch: Disabled
 Parallel Workers: 10
 Concurrent Workers: 3
 Concurrent Refinement Workers: 10
 Periodic GC: Disabled
Heap:
 garbage-first heap   total 106496K, used 56404K [0x0000000709c00000, 0x0000000800000000)
  region size 2048K, 1 young (2048K), 1 survivors (2048K)
 Metaspace       used 67611K, committed 68224K, reserved 1114112K
  class space    used 10078K, committed 10368K, reserved 1048576K
GC Heap History (20 events):
Event: 9.131 GC heap after
{Heap after GC invocations=17 (full 0):
 garbage-first heap   total 75776K, used 30299K [0x0000000709c00000, 0x0000000800000000)
  region size 2048K, 2 young (4096K), 2 survivors (4096K)
 Metaspace       used 53026K, committed 53632K, reserved 1114112K
  class space    used 7546K, committed 7872K, reserved 1048576K
}
Event: 9.513 GC heap before
{Heap before GC invocations=17 (full 0):
 garbage-first heap   total 75776K, used 61019K [0x0000000709c00000, 0x0000000800000000)
  region size 2048K, 17 young (34816K), 2 survivors (4096K)
 Metaspace       used 58289K, committed 58880K, reserved 1114112K
  class space    used 8475K, committed 8768K, reserved 1048576K
}
Event: 9.516 GC heap after
{Heap after GC invocations=18 (full 0):
 garbage-first heap   total 75776K, used 31408K [0x0000000709c00000, 0x0000000800000000)
  region size 2048K, 2 young (4096K), 2 survivors (4096K)
 Metaspace       used 58289K, committed 58880K, reserved 1114112K
  class space    used 8475K, committed 8768K, reserved 1048576K
}
Event: 9.732 GC heap before
{Heap before GC invocations=18 (full 0):
 garbage-first heap   total 75776K, used 45744K [0x0000000709c00000, 0x0000000800000000)
  region size 2048K, 10 young (20480K), 2 survivors (4096K)
 Metaspace       used 59722K, committed 60288K, reserved 1114112K
  class space    used 8655K, committed 8960K, reserved 1048576K
}
Event: 9.734 GC heap after
{Heap after GC invocations=19 (full 0):
 garbage-first heap   total 75776K, used 32144K [0x0000000709c00000, 0x0000000800000000)
  region size 2048K, 2 young (4096K), 2 survivors (4096K)
 Metaspace       used 59722K, committed 60288K, reserved 1114112K
  class space    used 8655K, committed 8960K, reserved 1048576K
}
Event: 10.094 GC heap before
{Heap before GC invocations=20 (full 0):
 garbage-first heap   total 75776K, used 60816K [0x0000000709c00000, 0x0000000800000000)
  region size 2048K, 16 young (32768K), 2 survivors (4096K)
 Metaspace       used 63657K, committed 64320K, reserved 1114112K
  class space    used 9390K, committed 9728K, reserved 1048576K
}
Event: 10.097 GC heap after
{Heap after GC invocations=21 (full 0):
 garbage-first heap   total 75776K, used 34230K [0x0000000709c00000, 0x0000000800000000)
  region size 2048K, 2 young (4096K), 2 survivors (4096K)
 Metaspace       used 63657K, committed 64320K, reserved 1114112K
  class space    used 9390K, committed 9728K, reserved 1048576K
}
Event: 10.225 GC heap before
{Heap before GC invocations=22 (full 0):
 garbage-first heap   total 75776K, used 60854K [0x0000000709c00000, 0x0000000800000000)
  region size 2048K, 15 young (30720K), 2 survivors (4096K)
 Metaspace       used 65272K, committed 65856K, reserved 1114112K
  class space    used 9761K, committed 10048K, reserved 1048576K
}
Event: 10.231 GC heap after
{Heap after GC invocations=23 (full 0):
 garbage-first heap   total 75776K, used 39410K [0x0000000709c00000, 0x0000000800000000)
  region size 2048K, 2 young (4096K), 2 survivors (4096K)
 Metaspace       used 65272K, committed 65856K, reserved 1114112K
  class space    used 9761K, committed 10048K, reserved 1048576K
}
Event: 10.259 GC heap before
{Heap before GC invocations=23 (full 0):
 garbage-first heap   total 75776K, used 57842K [0x0000000709c00000, 0x0000000800000000)
  region size 2048K, 11 young (22528K), 2 survivors (4096K)
 Metaspace       used 65278K, committed 65920K, reserved 1114112K
  class space    used 9761K, committed 10048K, reserved 1048576K
}
Event: 10.263 GC heap after
{Heap after GC invocations=24 (full 0):
 garbage-first heap   total 75776K, used 42291K [0x0000000709c00000, 0x0000000800000000)
  region size 2048K, 2 young (4096K), 2 survivors (4096K)
 Metaspace       used 65278K, committed 65920K, reserved 1114112K
  class space    used 9761K, committed 10048K, reserved 1048576K
}
Event: 10.300 GC heap before
{Heap before GC invocations=25 (full 0):
 garbage-first heap   total 92160K, used 56627K [0x0000000709c00000, 0x0000000800000000)
  region size 2048K, 9 young (18432K), 2 survivors (4096K)
 Metaspace       used 65283K, committed 65920K, reserved 1114112K
  class space    used 9761K, committed 10048K, reserved 1048576K
}
Event: 10.303 GC heap after
{Heap after GC invocations=26 (full 0):
 garbage-first heap   total 92160K, used 43671K [0x0000000709c00000, 0x0000000800000000)
  region size 2048K, 1 young (2048K), 1 survivors (2048K)
 Metaspace       used 65283K, committed 65920K, reserved 1114112K
  class space    used 9761K, committed 10048K, reserved 1048576K
}
Event: 10.342 GC heap before
{Heap before GC invocations=26 (full 0):
 garbage-first heap   total 92160K, used 68247K [0x0000000709c00000, 0x0000000800000000)
  region size 2048K, 13 young (26624K), 1 survivors (2048K)
 Metaspace       used 65283K, committed 65920K, reserved 1114112K
  class space    used 9761K, committed 10048K, reserved 1048576K
}
Event: 10.347 GC heap after
{Heap after GC invocations=27 (full 0):
 garbage-first heap   total 92160K, used 53058K [0x0000000709c00000, 0x0000000800000000)
  region size 2048K, 2 young (4096K), 2 survivors (4096K)
 Metaspace       used 65283K, committed 65920K, reserved 1114112K
  class space    used 9761K, committed 10048K, reserved 1048576K
}
Event: 10.381 GC heap before
{Heap before GC invocations=28 (full 0):
 garbage-first heap   total 106496K, used 69442K [0x0000000709c00000, 0x0000000800000000)
  region size 2048K, 10 young (20480K), 2 survivors (4096K)
 Metaspace       used 65284K, committed 65920K, reserved 1114112K
  class space    used 9761K, committed 10048K, reserved 1048576K
}
Event: 10.386 GC heap after
{Heap after GC invocations=29 (full 0):
 garbage-first heap   total 106496K, used 58043K [0x0000000709c00000, 0x0000000800000000)
  region size 2048K, 2 young (4096K), 2 survivors (4096K)
 Metaspace       used 65284K, committed 65920K, reserved 1114112K
  class space    used 9761K, committed 10048K, reserved 1048576K
}
Event: 10.400 GC heap before
{Heap before GC invocations=29 (full 0):
 garbage-first heap   total 106496K, used 60091K [0x0000000709c00000, 0x0000000800000000)
  region size 2048K, 3 young (6144K), 2 survivors (4096K)
 Metaspace       used 65594K, committed 66240K, reserved 1114112K
  class space    used 9775K, committed 10112K, reserved 1048576K
}
Event: 10.404 GC heap after
{Heap after GC invocations=30 (full 0):
 garbage-first heap   total 106496K, used 55961K [0x0000000709c00000, 0x0000000800000000)
  region size 2048K, 1 young (2048K), 1 survivors (2048K)
 Metaspace       used 65594K, committed 66240K, reserved 1114112K
  class space    used 9775K, committed 10112K, reserved 1048576K
}
Event: 10.674 GC heap before
{Heap before GC invocations=30 (full 0):
 garbage-first heap   total 106496K, used 76441K [0x0000000709c00000, 0x0000000800000000)
  region size 2048K, 11 young (22528K), 1 survivors (2048K)
 Metaspace       used 67611K, committed 68224K, reserved 1114112K
  class space    used 10078K, committed 10368K, reserved 1048576K
}

